Screen 0: minimum 320 x 200, current 1920 x 1080, maximum 16384 x 16384
eDP connected primary 1920x1080+0+0 (normal left inverted right x axis y axis) 309mm x 173mm
	EDID: 
		00ffffffffffff000daef21400000000
		161c0104a51f117802ee95a3544c9926
		0f505400000001010101010101010101
		010101010101363680a0703820402e1e
		240035ad10000018000000fe004e3134
		304843472d4751320a20000000fe0043
		4d4e0a202020202020202020000000fe
		004e3134304843472d4751320a2000bb
	GAMMA_LUT_SIZE: 4096 
		range: (0, -1)
	DEGAMMA_LUT_SIZE: 4096 
		range: (0, -1)
	GAMMA_LUT: 0 
		range: (0, 65535)
	CTM: 0 1 0 0 0 0 0 0 0 1 0 0 0 0 0 0 
		0 1 
	DEGAMMA_LUT: 0 
		range: (0, 65535)
	TearFree: auto 
		supported: off, on, auto
	vrr_capable: 0 
		range: (0, 1)
	abm level: 0 
		range: (0, 4)
	max bpc: 8 
		range: (8, 16)
	underscan vborder: 0 
		range: (0, 128)
	underscan hborder: 0 
		range: (0, 128)
	underscan: off 
		supported: off, on, auto
	scaling mode: None 
		supported: None, Full, Center, Full aspect
	link-status: Good 
		supported: Good, Bad
	CONNECTOR_ID: 64 
		supported: 64
	non-desktop: 0 
		range: (0, 1)
   1920x1080     60.00*+
   1680x1050     60.00  
   1280x1024     60.00  
   1440x900      60.00  
   1280x800      60.00  
   1280x720      60.00  
   1024x768      60.00  
   800x600       60.00  
   640x480       60.00  
HDMI-A-0 disconnected (normal left inverted right x axis y axis)
	GAMMA_LUT_SIZE: 4096 
		range: (0, -1)
	DEGAMMA_LUT_SIZE: 4096 
		range: (0, -1)
	GAMMA_LUT: 0 
		range: (0, 65535)
	CTM: 0 
	DEGAMMA_LUT: 0 
		range: (0, 65535)
	TearFree: auto 
		supported: off, on, auto
	vrr_capable: 0 
		range: (0, 1)
	max bpc: 8 
		range: (8, 16)
	underscan vborder: 0 
		range: (0, 128)
	underscan hborder: 0 
		range: (0, 128)
	underscan: off 
		supported: off, on, auto
	scaling mode: None 
		supported: None, Full, Center, Full aspect
	link-status: Good 
		supported: Good, Bad
	CONNECTOR_ID: 68 
		supported: 68
	non-desktop: 0 
		range: (0, 1)
DisplayPort-0 disconnected (normal left inverted right x axis y axis)
	GAMMA_LUT_SIZE: 4096 
		range: (0, -1)
	DEGAMMA_LUT_SIZE: 4096 
		range: (0, -1)
	GAMMA_LUT: 0 
		range: (0, 65535)
	CTM: 0 
	DEGAMMA_LUT: 0 
		range: (0, 65535)
	TearFree: auto 
		supported: off, on, auto
	vrr_capable: 0 
		range: (0, 1)
	max bpc: 8 
		range: (8, 16)
	underscan vborder: 0 
		range: (0, 128)
	underscan hborder: 0 
		range: (0, 128)
	underscan: off 
		supported: off, on, auto
	scaling mode: None 
		supported: None, Full, Center, Full aspect
	link-status: Good 
		supported: Good, Bad
	CONNECTOR_ID: 71 
		supported: 71
	non-desktop: 0 
		range: (0, 1)
DisplayPort-1 disconnected (normal left inverted right x axis y axis)
	GAMMA_LUT_SIZE: 4096 
		range: (0, -1)
	DEGAMMA_LUT_SIZE: 4096 
		range: (0, -1)
	GAMMA_LUT: 0 
		range: (0, 65535)
	CTM: 0 
	DEGAMMA_LUT: 0 
		range: (0, 65535)
	TearFree: auto 
		supported: off, on, auto
	vrr_capable: 0 
		range: (0, 1)
	max bpc: 8 
		range: (8, 16)
	underscan vborder: 0 
		range: (0, 128)
	underscan hborder: 0 
		range: (0, 128)
	underscan: off 
		supported: off, on, auto
	scaling mode: None 
		supported: None, Full, Center, Full aspect
	link-status: Good 
		supported: Good, Bad
	CONNECTOR_ID: 74 
		supported: 74
	non-desktop: 0 
		range: (0, 1)
DisplayPort-2 connected (normal left inverted right x axis y axis)
	EDID: 
		00ffffffffffff0010acf44053593242
		1d1a010380331d78eaebf5a656519c26
		105054a54b00714f8180a9c0d1c00101
		010101010101023a801871382d40582c
		4500fd1e1100001e000000ff00563247
		353136374c423259530a000000fc0044
		454c4c205032333137480a20000000fd
		00384c1e5311000a2020202020200185
		020317b14c9005040302071601141f12
		1365030c001000023a801871382d4058
		2c4500fd1e1100001e011d8018711c16
		20582c2500fd1e1100009e011d007251
		d01e206e285500fd1e1100001e8c0ad0
		8a20e02d10103e9600fd1e1100001800
		00000000000000000000000000000000
		000000000000000000000000000000ed
	GAMMA_LUT_SIZE: 4096 
		range: (0, -1)
	DEGAMMA_LUT_SIZE: 4096 
		range: (0, -1)
	GAMMA_LUT: 0 
		range: (0, 65535)
	CTM: 0 1 0 0 0 0 0 0 0 1 0 0 0 0 0 0 
		0 1 
	DEGAMMA_LUT: 0 
		range: (0, 65535)
	TearFree: auto 
		supported: off, on, auto
	vrr_capable: 0 
		range: (0, 1)
	max bpc: 8 
		range: (8, 16)
	underscan vborder: 0 
		range: (0, 128)
	underscan hborder: 0 
		range: (0, 128)
	underscan: off 
		supported: off, on, auto
	scaling mode: None 
		supported: None, Full, Center, Full aspect
	link-status: Good 
		supported: Good, Bad
	CONNECTOR_ID: 66 
		supported: 66
	non-desktop: 0 
		range: (0, 1)
   1920x1080     60.00 +  50.00    59.94  
   1600x900      60.00  
   1280x1024     75.02    60.02  
   1152x864      75.00  
   1280x720      60.00    50.00    59.94  
   1024x768      75.03    60.00  
   800x600       75.00    60.32  
   720x576       50.00  
   720x480       60.00    59.94  
   640x480       75.00    60.00    59.94  
   720x400       70.08  
DisplayPort-3 connected (normal left inverted right x axis y axis)
	EDID: 
		00ffffffffffff0022f0f92601010101
		28120104a5362378eece50a3544c9926
		0f5054a56b808140a900a940b300d100
		010101010101283c80a070b023403020
		360022602100001a000000fc00485020
		4c5032343735770a2020000000fd0030
		551e5e15041150d2f858f000000000ff
		00435a43383430303048520a20200078
	GAMMA_LUT_SIZE: 4096 
		range: (0, -1)
	DEGAMMA_LUT_SIZE: 4096 
		range: (0, -1)
	GAMMA_LUT: 0 
		range: (0, 65535)
	CTM: 0 1 0 0 0 0 0 0 0 1 0 0 0 0 0 0 
		0 1 
	DEGAMMA_LUT: 0 
		range: (0, 65535)
	TearFree: auto 
		supported: off, on, auto
	vrr_capable: 0 
		range: (0, 1)
	max bpc: 8 
		range: (8, 16)
	underscan vborder: 0 
		range: (0, 128)
	underscan hborder: 0 
		range: (0, 128)
	underscan: off 
		supported: off, on, auto
	scaling mode: None 
		supported: None, Full, Center, Full aspect
	link-status: Good 
		supported: Good, Bad
	CONNECTOR_ID: 92 
		supported: 92
	non-desktop: 0 
		range: (0, 1)
   1920x1200     59.95 +
   1600x1200     60.00  
   1680x1050     59.88  
   1600x1000     60.01  
   1280x1024     75.02  
   1280x960      60.00  
   1152x864      75.00  
   1024x768      75.03    60.00  
   832x624       74.55  
   800x600       75.00    60.32  
   640x480       75.00    59.94  
   720x400       70.08  
DisplayPort-4 disconnected (normal left inverted right x axis y axis)
	GAMMA_LUT_SIZE: 4096 
		range: (0, -1)
	DEGAMMA_LUT_SIZE: 4096 
		range: (0, -1)
	GAMMA_LUT: 0 
		range: (0, 65535)
	CTM: 0 
	DEGAMMA_LUT: 0 
		range: (0, 65535)
	TearFree: auto 
		supported: off, on, auto
	vrr_capable: 0 
		range: (0, 1)
	max bpc: 8 
		range: (8, 16)
	underscan vborder: 0 
		range: (0, 128)
	underscan hborder: 0 
		range: (0, 128)
	underscan: off 
		supported: off, on, auto
	scaling mode: None 
		supported: None, Full, Center, Full aspect
	link-status: Good 
		supported: Good, Bad
	CONNECTOR_ID: 96 
		supported: 96
	non-desktop: 0 
		range: (0, 1)

